====> suppression de la branche distante
erreur : suppression de 'gh-pages' impossible : la référence distante n'existe pas
erreur : impossible de pousser des références vers 'github.com:MghRepo/pse-mdbook.git'
====> suppression du worktree et de la branche locale
fatal : 'pse-book' n'est pas une copie de travail
erreur : Impossible de supprimer la branche 'gh-pages' extraite dans '/tmp/book'
====> préparation worktree
Préparation de l'arbre de travail (nouvelle branche 'gh-pages')
fatal : 'pse-book' existe déjà
====> test et build
2023-01-17 09:35:06 [INFO] (mdbook::book): Testing chapter 'Préface': "README.md"
2023-01-17 09:35:06 [INFO] (mdbook::book): Testing chapter 'Algorithmique et méthodes de programmation': "PSE_Algo/README.md"
2023-01-17 09:35:06 [INFO] (mdbook::book): Testing chapter 'Structures de contrôles': "PSE_Algo/structures_de_controles/README.md"
2023-01-17 09:35:06 [INFO] (mdbook::book): Testing chapter 'Structures de contrôles séquentielles': "PSE_Algo/structures_de_controles/structures-de-controles-sequentielles.md"
2023-01-17 09:35:06 [INFO] (mdbook::book): Testing chapter 'Structures de contrôles itératives': "PSE_Algo/structures_de_controles/structures-de-controles-iteratives.md"
2023-01-17 09:35:06 [INFO] (mdbook::book): Testing chapter 'Extension de la notion de boucle': "PSE_Algo/structures_de_controles/extensions-de-la-notion-de-boucle.md"
2023-01-17 09:35:06 [INFO] (mdbook::book): Testing chapter 'Sous-programmes': "PSE_Algo/structures_de_controles/sous-programmes.md"
2023-01-17 09:35:06 [INFO] (mdbook::book): Testing chapter 'Exceptions': "PSE_Algo/structures_de_controles/exceptions.md"
2023-01-17 09:35:07 [INFO] (mdbook::book): Testing chapter 'Programmation multitâche': "PSE_Algo/structures_de_controles/programmation-multitache.md"
2023-01-17 09:35:07 [INFO] (mdbook::book): Testing chapter 'Programmation événementielle': "PSE_Algo/structures_de_controles/programmation-evenementielle.md"
2023-01-17 09:35:07 [INFO] (mdbook::book): Testing chapter 'Algorithmes de tri': "PSE_Algo/algorithmes_de_tri/README.md"
2023-01-17 09:35:07 [INFO] (mdbook::book): Testing chapter 'Critère de classification': "PSE_Algo/algorithmes_de_tri/critere-de-classification.md"
2023-01-17 09:35:07 [INFO] (mdbook::book): Testing chapter 'Exemples d'algorithmes de tri': "PSE_Algo/algorithmes_de_tri/exemples-dalgorithmes-de-tri.md"
2023-01-17 09:35:07 [INFO] (mdbook::book): Testing chapter 'Structures de données': "PSE_Algo/structures_de_donnees/README.md"
2023-01-17 09:35:07 [INFO] (mdbook::book): Testing chapter 'Pile': "PSE_Algo/structures_de_donnees/pile.md"
2023-01-17 09:35:07 [INFO] (mdbook::book): Testing chapter 'File': "PSE_Algo/structures_de_donnees/file.md"
2023-01-17 09:35:08 [INFO] (mdbook::book): Testing chapter 'Liste': "PSE_Algo/structures_de_donnees/liste.md"
2023-01-17 09:35:08 [INFO] (mdbook::book): Testing chapter 'Arbre enraciné': "PSE_Algo/structures_de_donnees/arbre-enracine.md"
2023-01-17 09:35:08 [INFO] (mdbook::book): Testing chapter 'Arbre binaire de recherche': "PSE_Algo/structures_de_donnees/arbre-binaire-de-recherche.md"
2023-01-17 09:35:08 [INFO] (mdbook::book): Testing chapter 'Arbre B': "PSE_Algo/structures_de_donnees/arbre-b.md"
2023-01-17 09:35:08 [INFO] (mdbook::book): Testing chapter 'Arbre rouge-noir': "PSE_Algo/structures_de_donnees/arbre-rouge-noir.md"
2023-01-17 09:35:08 [INFO] (mdbook::book): Testing chapter 'Tas': "PSE_Algo/structures_de_donnees/tas.md"
2023-01-17 09:35:08 [INFO] (mdbook::book): Testing chapter 'Table de hachage': "PSE_Algo/structures_de_donnees/table-de-hachage.md"
2023-01-17 09:35:09 [INFO] (mdbook::book): Testing chapter 'Algorithmes de chiffrements': "PSE_Algo/algorithmes_de_chiffrements/README.md"
2023-01-17 09:35:09 [INFO] (mdbook::book): Testing chapter 'Chiffrement symétrique AES': "PSE_Algo/algorithmes_de_chiffrements/chiffrement-symetrique-aes.md"
2023-01-17 09:35:09 [INFO] (mdbook::book): Testing chapter 'Chiffrement asymétrique RSA': "PSE_Algo/algorithmes_de_chiffrements/chiffrement-asymetrique-rsa.md"
2023-01-17 09:35:09 [INFO] (mdbook::book): Testing chapter 'Programmation orientée objet': "PSE_Algo/programmation-orientee-objet.md"
2023-01-17 09:35:09 [INFO] (mdbook::book): Testing chapter 'Compilation': "PSE_Algo/compilation.md"
2023-01-17 09:35:09 [INFO] (mdbook::book): Testing chapter 'API': "PSE_Algo/api/README.md"
2023-01-17 09:35:09 [INFO] (mdbook::book): Testing chapter 'SOAP': "PSE_Algo/api/soap.md"
2023-01-17 09:35:09 [INFO] (mdbook::book): Testing chapter 'REST': "PSE_Algo/api/rest.md"
2023-01-17 09:35:10 [INFO] (mdbook::book): Testing chapter 'GraphQL': "PSE_Algo/api/graphql.md"
2023-01-17 09:35:10 [INFO] (mdbook::book): Testing chapter 'gRPC': "PSE_Algo/api/grpc.md"
2023-01-17 09:35:10 [INFO] (mdbook::book): Testing chapter 'Système': "PSE_Sys/README.md"
2023-01-17 09:35:10 [INFO] (mdbook::book): Testing chapter 'Processus et mécanismes de communication': "PSE_Sys/processus_et_mecanismes_de_communication/README.md"
2023-01-17 09:35:10 [INFO] (mdbook::book): Testing chapter 'Multitâche coopératif': "PSE_Sys/processus_et_mecanismes_de_communication/multitache-cooperatif.md"
2023-01-17 09:35:10 [INFO] (mdbook::book): Testing chapter 'Multitâche préemptif': "PSE_Sys/processus_et_mecanismes_de_communication/multitache-preemptif.md"
2023-01-17 09:35:10 [INFO] (mdbook::book): Testing chapter 'Algorithmes d'ordonnancement': "PSE_Sys/processus_et_mecanismes_de_communication/algorithmes-dordonnancement.md"
2023-01-17 09:35:10 [INFO] (mdbook::book): Testing chapter 'Synchronisation': "PSE_Sys/processus_et_mecanismes_de_communication/synchronisation.md"
2023-01-17 09:35:11 [INFO] (mdbook::book): Testing chapter 'Signaux': "PSE_Sys/processus_et_mecanismes_de_communication/signaux.md"
2023-01-17 09:35:11 [INFO] (mdbook::book): Testing chapter 'Socket réseau': "PSE_Sys/processus_et_mecanismes_de_communication/socket-reseau.md"
2023-01-17 09:35:11 [INFO] (mdbook::book): Testing chapter 'Socket IPC': "PSE_Sys/processus_et_mecanismes_de_communication/socket-ipc.md"
2023-01-17 09:35:11 [INFO] (mdbook::book): Testing chapter 'Socket Netlink': "PSE_Sys/processus_et_mecanismes_de_communication/socket-netlink.md"
2023-01-17 09:35:11 [INFO] (mdbook::book): Testing chapter 'Tube anonyme': "PSE_Sys/processus_et_mecanismes_de_communication/tube-anonyme.md"
2023-01-17 09:35:11 [INFO] (mdbook::book): Testing chapter 'Tube nommé': "PSE_Sys/processus_et_mecanismes_de_communication/tube-nomme.md"
2023-01-17 09:35:11 [INFO] (mdbook::book): Testing chapter 'Passage de messages': "PSE_Sys/processus_et_mecanismes_de_communication/passage-de-messages.md"
2023-01-17 09:35:12 [INFO] (mdbook::book): Testing chapter 'D-Bus': "PSE_Sys/processus_et_mecanismes_de_communication/d-bus.md"
2023-01-17 09:35:12 [INFO] (mdbook::book): Testing chapter 'Gestion de la mémoire centrale': "PSE_Sys/gestion_de_la_memoire_centrale/README.md"
2023-01-17 09:35:12 [INFO] (mdbook::book): Testing chapter 'Fichier mappé en mémoire': "PSE_Sys/gestion_de_la_memoire_centrale/fichier-mappe-en-memoire.md"
2023-01-17 09:35:12 [INFO] (mdbook::book): Testing chapter 'Mémoire virtuelle': "PSE_Sys/gestion_de_la_memoire_centrale/memoire-virtuelle.md"
2023-01-17 09:35:12 [INFO] (mdbook::book): Testing chapter 'Pagination': "PSE_Sys/gestion_de_la_memoire_centrale/pagination.md"
2023-01-17 09:35:12 [INFO] (mdbook::book): Testing chapter 'Segmentation': "PSE_Sys/gestion_de_la_memoire_centrale/segmentation.md"
2023-01-17 09:35:12 [INFO] (mdbook::book): Testing chapter 'Gestion des périphériques': "PSE_Sys/gestion_des_peripheriques/README.md"
2023-01-17 09:35:12 [INFO] (mdbook::book): Testing chapter 'Pilotes': "PSE_Sys/gestion_des_peripheriques/pilotes.md"
2023-01-17 09:35:13 [INFO] (mdbook::book): Testing chapter 'Sysfs': "PSE_Sys/gestion_des_peripheriques/sysfs.md"
2023-01-17 09:35:13 [INFO] (mdbook::book): Testing chapter 'Udev': "PSE_Sys/gestion_des_peripheriques/udev.md"
2023-01-17 09:35:13 [INFO] (mdbook::book): Testing chapter 'Bus': "PSE_Sys/gestion_des_peripheriques/bus.md"
2023-01-17 09:35:13 [INFO] (mdbook::book): Testing chapter 'Accès direct à la mémoire': "PSE_Sys/gestion_des_peripheriques/acces-direct-a-la-memoire.md"
2023-01-17 09:35:13 [INFO] (mdbook::book): Testing chapter 'Éléments de démarrage': "PSE_Sys/elements_de_demarrage/README.md"
2023-01-17 09:35:13 [INFO] (mdbook::book): Testing chapter 'BIOS': "PSE_Sys/elements_de_demarrage/bios.md"
2023-01-17 09:35:13 [INFO] (mdbook::book): Testing chapter 'UEFI': "PSE_Sys/elements_de_demarrage/uefi.md"
2023-01-17 09:35:14 [INFO] (mdbook::book): Testing chapter 'Partitionnement de la mémoire': "PSE_Sys/elements_de_demarrage/partitionnement-de-la-memoire.md"
2023-01-17 09:35:14 [INFO] (mdbook::book): Testing chapter 'MBR': "PSE_Sys/elements_de_demarrage/mbr.md"
2023-01-17 09:35:14 [INFO] (mdbook::book): Testing chapter 'GPT': "PSE_Sys/elements_de_demarrage/gpt.md"
2023-01-17 09:35:14 [INFO] (mdbook::book): Testing chapter 'LVM': "PSE_Sys/elements_de_demarrage/lvm.md"
2023-01-17 09:35:14 [INFO] (mdbook::book): Testing chapter 'RAID': "PSE_Sys/elements_de_demarrage/raid.md"
2023-01-17 09:35:14 [INFO] (mdbook::book): Testing chapter 'Dm-crypt': "PSE_Sys/elements_de_demarrage/dm-crypt.md"
2023-01-17 09:35:14 [INFO] (mdbook::book): Testing chapter 'LUKS': "PSE_Sys/elements_de_demarrage/luks.md"
2023-01-17 09:35:14 [INFO] (mdbook::book): Testing chapter 'Chargeur d'amorçage': "PSE_Sys/elements_de_demarrage/chargeur-damorçage.md"
2023-01-17 09:35:15 [INFO] (mdbook::book): Testing chapter 'Initramfs': "PSE_Sys/elements_de_demarrage/initramfs.md"
2023-01-17 09:35:15 [INFO] (mdbook::book): Testing chapter 'Noyau': "PSE_Sys/elements_de_demarrage/noyau.md"
2023-01-17 09:35:15 [INFO] (mdbook::book): Testing chapter 'Talon de démarrage UEFI et Image noyau unifiée': "PSE_Sys/elements_de_demarrage/talon-de-demarrage-uefi-et-image-noyau-unifiee.md"
2023-01-17 09:35:15 [INFO] (mdbook::book): Testing chapter 'Cgroups': "PSE_Sys/elements_de_demarrage/cgroups.md"
2023-01-17 09:35:15 [INFO] (mdbook::book): Testing chapter 'Espaces de noms': "PSE_Sys/elements_de_demarrage/espaces-de-noms.md"
2023-01-17 09:35:15 [INFO] (mdbook::book): Testing chapter 'Systemd': "PSE_Sys/elements_de_demarrage/systemd.md"
2023-01-17 09:35:15 [INFO] (mdbook::book): Testing chapter 'Shell': "PSE_Sys/elements_de_demarrage/shell.md"
2023-01-17 09:35:15 [INFO] (mdbook::book): Testing chapter 'Éléments de sécurité': "PSE_Sys/elements_de_securite/README.md"
2023-01-17 09:35:16 [INFO] (mdbook::book): Testing chapter 'Secure Shell': "PSE_Sys/elements_de_securite/secure-shell.md"
2023-01-17 09:35:16 [INFO] (mdbook::book): Testing chapter 'OpenSSH': "PSE_Sys/elements_de_securite/openssh.md"
2023-01-17 09:35:16 [INFO] (mdbook::book): Testing chapter 'Netfilter': "PSE_Sys/elements_de_securite/netfilter.md"
2023-01-17 09:35:16 [INFO] (mdbook::book): Testing chapter 'BPF et eBPF': "PSE_Sys/elements_de_securite/bpf-et-ebpf.md"
2023-01-17 09:35:16 [INFO] (mdbook::book): Testing chapter 'IDS': "PSE_Sys/elements_de_securite/ids.md"
2023-01-17 09:35:16 [INFO] (mdbook::book): Testing chapter 'Contrôle d'accès discrétionnaire et droits': "PSE_Sys/elements_de_securite/controle-dacces-discretionnaire-et-droits.md"
2023-01-17 09:35:17 [INFO] (mdbook::book): Testing chapter 'Listes de contrôle d'accès ACL': "PSE_Sys/elements_de_securite/listes-de-controle-dacces-ACL.md"
2023-01-17 09:35:17 [INFO] (mdbook::book): Testing chapter 'SELinux': "PSE_Sys/elements_de_securite/seLinux.md"
2023-01-17 09:35:17 [INFO] (mdbook::book): Testing chapter 'PAM': "PSE_Sys/elements_de_securite/pam.md"
2023-01-17 09:35:17 [INFO] (mdbook::book): Testing chapter 'Sudo': "PSE_Sys/elements_de_securite/sudo.md"
2023-01-17 09:35:17 [INFO] (mdbook::book): Testing chapter 'Auditd': "PSE_Sys/elements_de_securite/auditd.md"
2023-01-17 09:35:17 [INFO] (mdbook::book): Testing chapter 'Virtualisation et conteneurisation': "PSE_Sys/virtualisation_et_conteneurisation/README.md"
2023-01-17 09:35:17 [INFO] (mdbook::book): Testing chapter 'Chroot': "PSE_Sys/virtualisation_et_conteneurisation/chroot.md"
2023-01-17 09:35:17 [INFO] (mdbook::book): Testing chapter 'Systemd-nspawn': "PSE_Sys/virtualisation_et_conteneurisation/systemd-nspawn.md"
2023-01-17 09:35:18 [INFO] (mdbook::book): Testing chapter 'Conteneurisation LXC': "PSE_Sys/virtualisation_et_conteneurisation/conteneurisation-lxc.md"
2023-01-17 09:35:18 [INFO] (mdbook::book): Testing chapter 'Conteneurisation Docker': "PSE_Sys/virtualisation_et_conteneurisation/conteneurisation-docker.md"
2023-01-17 09:35:18 [INFO] (mdbook::book): Testing chapter 'Orchestrateur Kubernetes': "PSE_Sys/virtualisation_et_conteneurisation/orchestrateur-kubernetes.md"
2023-01-17 09:35:18 [INFO] (mdbook::book): Testing chapter 'Libvirt': "PSE_Sys/virtualisation_et_conteneurisation/libvirt.md"
2023-01-17 09:35:18 [INFO] (mdbook::book): Testing chapter 'Hyperviseurs': "PSE_Sys/virtualisation_et_conteneurisation/hyperviseurs.md"
2023-01-17 09:35:18 [INFO] (mdbook::book): Testing chapter 'Données': "PSE_Don/README.md"
2023-01-17 09:35:19 [INFO] (mdbook::book): Testing chapter 'Bases de données': "PSE_Don/bases_de_donnees/README.md"
2023-01-17 09:35:19 [INFO] (mdbook::book): Testing chapter 'CRUD': "PSE_Don/bases_de_donnees/crud.md"
2023-01-17 09:35:19 [INFO] (mdbook::book): Testing chapter 'ACID': "PSE_Don/bases_de_donnees/acid.md"
2023-01-17 09:35:19 [INFO] (mdbook::book): Testing chapter 'Algèbre relationnelle': "PSE_Don/algebre-relationnelle.md"
2023-01-17 09:35:19 [INFO] (mdbook::book): Testing chapter 'Administration SGBDR PostgreSQL': "PSE_Don/administration-sgbdr-postgresql/README.md"
2023-01-17 09:35:19 [INFO] (mdbook::book): Testing chapter 'Stockage et réplication': "PSE_Don/administration-sgbdr-postgresql/stockage-et-replication.md"
2023-01-17 09:35:19 [INFO] (mdbook::book): Testing chapter 'Contrôle et connectivité': "PSE_Don/administration-sgbdr-postgresql/controle-et-connectivite.md"
2023-01-17 09:35:20 [INFO] (mdbook::book): Testing chapter 'Sécurité': "PSE_Don/administration-sgbdr-postgresql/securite.md"
2023-01-17 09:35:20 [INFO] (mdbook::book): Testing chapter 'Big data et lac de données': "PSE_Don/big-data-et-lac-de-donnees.md"
2023-01-17 09:35:20 [INFO] (mdbook::book): Testing chapter 'Réseau': "PSE_Res/README.md"
2023-01-17 09:35:20 [INFO] (mdbook::book): Testing chapter 'Topologie de réseau': "PSE_Res/topologie_de_reseau/README.md"
2023-01-17 09:35:20 [INFO] (mdbook::book): Testing chapter 'Liens': "PSE_Res/topologie_de_reseau/liens.md"
2023-01-17 09:35:20 [INFO] (mdbook::book): Testing chapter 'Noeuds': "PSE_Res/topologie_de_reseau/noeuds.md"
2023-01-17 09:35:21 [INFO] (mdbook::book): Testing chapter 'Classification': "PSE_Res/topologie_de_reseau/classification.md"
2023-01-17 09:35:21 [INFO] (mdbook::book): Testing chapter 'VLAN': "PSE_Res/vlan.md"
2023-01-17 09:35:21 [INFO] (mdbook::book): Testing chapter 'VPN': "PSE_Res/vpn.md"
2023-01-17 09:35:21 [INFO] (mdbook::book): Testing chapter 'NAS': "PSE_Res/nas.md"
2023-01-17 09:35:21 [INFO] (mdbook::book): Testing chapter 'SAN': "PSE_Res/san.md"
2023-01-17 09:35:21 [INFO] (mdbook::book): Testing chapter 'Modèle OSI': "PSE_Res/modele-osi.md"
2023-01-17 09:35:22 [INFO] (mdbook::book): Testing chapter 'Architecture TCP/IP': "PSE_Res/architecture-tcpip.md"
2023-01-17 09:35:22 [INFO] (mdbook::book): Testing chapter 'Protocoles': "PSE_Res/protocoles/README.md"
2023-01-17 09:35:22 [INFO] (mdbook::book): Testing chapter 'Couche application': "PSE_Res/protocoles/couche-application.md"
2023-01-17 09:35:22 [INFO] (mdbook::book): Testing chapter 'Couche transport': "PSE_Res/protocoles/couche-transport.md"
2023-01-17 09:35:22 [INFO] (mdbook::book): Testing chapter 'Couche réseau': "PSE_Res/protocoles/couche-reseau.md"
2023-01-17 09:35:22 [INFO] (mdbook::book): Testing chapter 'Couche liaison': "PSE_Res/protocoles/couche-liaison.md"
2023-01-17 09:35:22 [INFO] (mdbook::book): Testing chapter 'MIB': "PSE_Res/mib.md"
2023-01-17 09:35:23 [INFO] (mdbook::book): Testing chapter 'Active Directory': "PSE_Res/active-directory.md"
2023-01-17 09:35:23 [INFO] (mdbook::book): Testing chapter 'Samba': "PSE_Res/samba.md"
2023-01-17 09:35:23 [INFO] (mdbook::book): Testing chapter 'Logiciels': "PSE_Log/README.md"
2023-01-17 09:35:23 [INFO] (mdbook::book): Testing chapter 'Architecture logicielle': "PSE_Log/architecture_logicielle/README.md"
2023-01-17 09:35:24 [INFO] (mdbook::book): Testing chapter 'Client serveur': "PSE_Log/architecture_logicielle/client-serveur.md"
2023-01-17 09:35:24 [INFO] (mdbook::book): Testing chapter 'Trois niveaux': "PSE_Log/architecture_logicielle/trois-niveaux.md"
2023-01-17 09:35:25 [INFO] (mdbook::book): Testing chapter 'N-tiers': "PSE_Log/architecture_logicielle/n-tiers.md"
2023-01-17 09:35:25 [INFO] (mdbook::book): Testing chapter 'Modèle-Vue-Contrôleur': "PSE_Log/architecture_logicielle/modele-vue-controleur.md"
2023-01-17 09:35:25 [INFO] (mdbook::book): Testing chapter 'Haute disponibilité': "PSE_Log/haute-disponibilite.md"
2023-01-17 09:35:26 [INFO] (mdbook::book): Testing chapter 'Langages de présentation': "PSE_Log/langages-de-presentation.md"
2023-01-17 09:35:26 [INFO] (mdbook::book): Testing chapter 'Construction et automatisation': "PSE_Log/construction_et_automatisation/README.md"
2023-01-17 09:35:26 [INFO] (mdbook::book): Testing chapter 'Maven': "PSE_Log/construction_et_automatisation/maven.md"
2023-01-17 09:35:26 [INFO] (mdbook::book): Testing chapter 'Jenkins': "PSE_Log/construction_et_automatisation/jenkins.md"
2023-01-17 09:35:26 [INFO] (mdbook::book): Testing chapter 'Cobbler': "PSE_Log/construction_et_automatisation/cobbler.md"
2023-01-17 09:35:26 [INFO] (mdbook::book): Testing chapter 'Puppet': "PSE_Log/construction_et_automatisation/puppet.md"
2023-01-17 09:35:27 [INFO] (mdbook::book): Testing chapter 'Ansible': "PSE_Log/construction_et_automatisation/ansible.md"
2023-01-17 09:35:27 [INFO] (mdbook::book): Testing chapter 'Vagrant': "PSE_Log/construction_et_automatisation/vagrant.md"
2023-01-17 09:35:27 [INFO] (mdbook::book): Testing chapter 'Terraform': "PSE_Log/construction_et_automatisation/terraform.md"
2023-01-17 09:35:27 [INFO] (mdbook::book): Testing chapter 'Métrologie et supervision Nagios': "PSE_Log/metrologie-et-supervision-nagios.md"
2023-01-17 09:35:27 [INFO] (mdbook::book): Testing chapter 'Environnement': "PSE_Env/README.md"
2023-01-17 09:35:27 [INFO] (mdbook::book): Testing chapter 'Normalisation': "PSE_Env/normalisation/README.md"
2023-01-17 09:35:27 [INFO] (mdbook::book): Testing chapter 'ITIL': "PSE_Env/normalisation/itil.md"
2023-01-17 09:35:28 [INFO] (mdbook::book): Testing chapter 'COBIT': "PSE_Env/normalisation/cobit.md"
2023-01-17 09:35:28 [INFO] (mdbook::book): Testing chapter 'Notions générales sur le droit de l'informatique': "PSE_Env/notions_generales_sur_le_droit_de_linformatique/README.md"
2023-01-17 09:35:28 [INFO] (mdbook::book): Testing chapter 'Protection des données individuelles': "PSE_Env/notions_generales_sur_le_droit_de_linformatique/protection-des-donnees-individuelles.md"
2023-01-17 09:35:28 [INFO] (mdbook::book): Testing chapter 'L'usage de la messagerie': "PSE_Env/notions_generales_sur_le_droit_de_linformatique/lusage-de-la-messagerie.md"
2023-01-17 09:35:28 [INFO] (mdbook::book): Testing chapter 'Rôle de la CNIL': "PSE_Env/notions_generales_sur_le_droit_de_linformatique/role-de-la-cnil.md"
2023-01-17 09:35:28 [INFO] (mdbook::book): Testing chapter 'Licences': "PSE_Env/notions_generales_sur_le_droit_de_linformatique/licences.md"
2023-01-17 09:35:28 [INFO] (mdbook::book): Testing chapter 'Organisation du travail': "PSE_Env/organisation_du_travail/README.md"
2023-01-17 09:35:29 [INFO] (mdbook::book): Testing chapter 'Méthode agile': "PSE_Env/organisation_du_travail/methode-agile.md"
2023-01-17 09:35:29 [INFO] (mdbook::book): Testing chapter 'Devops': "PSE_Env/organisation_du_travail/devops.md"
2023-01-17 09:35:29 [INFO] (mdbook::book): Testing chapter 'Fonctions de PSE': "PSE_Env/fonctions-de-pse.md"
2023-01-17 09:35:29 [INFO] (mdbook::book): Testing chapter 'Plan de secours': "PSE_Env/plan_de_secours/README.md"
2023-01-17 09:35:29 [INFO] (mdbook::book): Testing chapter 'Plan de continuité d'activité': "PSE_Env/plan_de_secours/plan-de-continuite-dactivite.md"
2023-01-17 09:35:29 [INFO] (mdbook::book): Testing chapter 'Plan de reprise d'activité': "PSE_Env/plan_de_secours/plan-de-reprise-dactivite.md"
2023-01-17 09:35:29 [INFO] (mdbook::book): Testing chapter 'Introduction au Shell': "shell_introduction/README.md"
2023-01-17 09:35:29 [INFO] (mdbook::book): Testing chapter 'Qu'est-ce que le shell ?': "shell_introduction/quest-ce-que-le-shell.md"
2023-01-17 09:35:30 [INFO] (mdbook::book): Testing chapter 'Les chemins': "shell_introduction/les-chemins.md"
2023-01-17 09:35:30 [INFO] (mdbook::book): Testing chapter 'Lister le contenu d'un répertoire et droits': "shell_introduction/lister-le-contenu-dun-repertoire-et-droits.md"
2023-01-17 09:35:30 [INFO] (mdbook::book): Testing chapter 'D'autres commandes': "shell_introduction/dautres-commandes.md"
2023-01-17 09:35:30 [INFO] (mdbook::book): Testing chapter 'Redirection d'entrée/sortie, descripteurs de fichiers et tubes': "shell_introduction/redirection-dentreesortie-descripteurs-de-fichiers-et-tubes.md"
2023-01-17 09:35:30 [INFO] (mdbook::book): Testing chapter 'Un outil versatile et puissant': "shell_introduction/un-outil-versatile-et-puissant.md"
2023-01-17 09:35:30 [INFO] (mdbook::book): Testing chapter 'Scripts shell': "shell_introduction/scripts-shell.md"
2023-01-17 09:35:30 [INFO] (mdbook::book): Book building has started
2023-01-17 09:35:31 [INFO] (mdbook::book): Running the html backend
====> copie worktree gh-pages
sending incremental file list
404.html
ayu-highlight.css
book.js
clipboard.min.js
elasticlunr.min.js
favicon.png
favicon.svg
highlight.css
highlight.js
index.html
mark.min.js
print.html
searcher.js
searchindex.js
searchindex.json
tomorrow-night.css
FontAwesome/css/font-awesome.css
FontAwesome/fonts/FontAwesome.ttf
FontAwesome/fonts/fontawesome-webfont.eot
FontAwesome/fonts/fontawesome-webfont.svg
FontAwesome/fonts/fontawesome-webfont.ttf
FontAwesome/fonts/fontawesome-webfont.woff
FontAwesome/fonts/fontawesome-webfont.woff2
PSE_Algo/compilation.html
PSE_Algo/index.html
PSE_Algo/programmation-orientee-objet.html
PSE_Algo/algorithmes_de_chiffrements/chiffrement-asymetrique-rsa.html
PSE_Algo/algorithmes_de_chiffrements/chiffrement-symetrique-aes.html
PSE_Algo/algorithmes_de_chiffrements/index.html
PSE_Algo/algorithmes_de_tri/critere-de-classification.html
PSE_Algo/algorithmes_de_tri/exemples-dalgorithmes-de-tri.html
PSE_Algo/algorithmes_de_tri/index.html
PSE_Algo/api/graphql.html
PSE_Algo/api/grpc.html
PSE_Algo/api/index.html
PSE_Algo/api/rest.html
PSE_Algo/api/soap.html
PSE_Algo/structures_de_controles/exceptions.html
PSE_Algo/structures_de_controles/extensions-de-la-notion-de-boucle.html
PSE_Algo/structures_de_controles/index.html
PSE_Algo/structures_de_controles/programmation-evenementielle.html
PSE_Algo/structures_de_controles/programmation-multitache.html
PSE_Algo/structures_de_controles/sous-programmes.html
PSE_Algo/structures_de_controles/structures-de-controles-iteratives.html
PSE_Algo/structures_de_controles/structures-de-controles-sequentielles.html
PSE_Algo/structures_de_donnees/arbre-b.html
PSE_Algo/structures_de_donnees/arbre-binaire-de-recherche.html
PSE_Algo/structures_de_donnees/arbre-enracine.html
PSE_Algo/structures_de_donnees/arbre-rouge-noir.html
PSE_Algo/structures_de_donnees/file.html
PSE_Algo/structures_de_donnees/index.html
PSE_Algo/structures_de_donnees/liste.html
PSE_Algo/structures_de_donnees/pile.html
PSE_Algo/structures_de_donnees/table-de-hachage.html
PSE_Algo/structures_de_donnees/tas.html
PSE_Don/algebre-relationnelle.html
PSE_Don/big-data-et-lac-de-donnees.html
PSE_Don/index.html
PSE_Don/administration-sgbdr-postgresql/controle-et-connectivite.html
PSE_Don/administration-sgbdr-postgresql/index.html
PSE_Don/administration-sgbdr-postgresql/securite.html
PSE_Don/administration-sgbdr-postgresql/stockage-et-replication.html
PSE_Don/bases_de_donnees/acid.html
PSE_Don/bases_de_donnees/crud.html
PSE_Don/bases_de_donnees/index.html
PSE_Env/fonctions-de-pse.html
PSE_Env/index.html
PSE_Env/normalisation/cobit.html
PSE_Env/normalisation/index.html
PSE_Env/normalisation/itil.html
PSE_Env/notions_generales_sur_le_droit_de_linformatique/index.html
PSE_Env/notions_generales_sur_le_droit_de_linformatique/licences.html
PSE_Env/notions_generales_sur_le_droit_de_linformatique/lusage-de-la-messagerie.html
PSE_Env/notions_generales_sur_le_droit_de_linformatique/protection-des-donnees-individuelles.html
PSE_Env/notions_generales_sur_le_droit_de_linformatique/role-de-la-cnil.html
PSE_Env/organisation_du_travail/devops.html
PSE_Env/organisation_du_travail/index.html
PSE_Env/organisation_du_travail/methode-agile.html
PSE_Env/plan_de_secours/index.html
PSE_Env/plan_de_secours/plan-de-continuite-dactivite.html
PSE_Env/plan_de_secours/plan-de-reprise-dactivite.html
PSE_Log/haute-disponibilite.html
PSE_Log/index.html
PSE_Log/langages-de-presentation.html
PSE_Log/metrologie-et-supervision-nagios.html
PSE_Log/architecture_logicielle/client-serveur.html
PSE_Log/architecture_logicielle/index.html
PSE_Log/architecture_logicielle/modele-vue-controleur.html
PSE_Log/architecture_logicielle/n-tiers.html
PSE_Log/architecture_logicielle/trois-niveaux.html
PSE_Log/construction_et_automatisation/ansible.html
PSE_Log/construction_et_automatisation/cobbler.html
PSE_Log/construction_et_automatisation/index.html
PSE_Log/construction_et_automatisation/jenkins.html
PSE_Log/construction_et_automatisation/maven.html
PSE_Log/construction_et_automatisation/puppet.html
PSE_Log/construction_et_automatisation/terraform.html
PSE_Log/construction_et_automatisation/vagrant.html
PSE_Res/active-directory.html
PSE_Res/architecture-tcpip.html
PSE_Res/index.html
PSE_Res/mib.html
PSE_Res/modele-osi.html
PSE_Res/nas.html
PSE_Res/samba.html
PSE_Res/san.html
PSE_Res/vlan.html
PSE_Res/vpn.html
PSE_Res/protocoles/couche-application.html
PSE_Res/protocoles/couche-liaison.html
PSE_Res/protocoles/couche-reseau.html
PSE_Res/protocoles/couche-transport.html
PSE_Res/protocoles/index.html
PSE_Res/topologie_de_reseau/classification.html
PSE_Res/topologie_de_reseau/index.html
PSE_Res/topologie_de_reseau/liens.html
PSE_Res/topologie_de_reseau/noeuds.html
PSE_Sys/index.html
PSE_Sys/elements_de_demarrage/bios.html
PSE_Sys/elements_de_demarrage/cgroups.html
PSE_Sys/elements_de_demarrage/chargeur-damorçage.html
PSE_Sys/elements_de_demarrage/dm-crypt.html
PSE_Sys/elements_de_demarrage/espaces-de-noms.html
PSE_Sys/elements_de_demarrage/gpt.html
PSE_Sys/elements_de_demarrage/index.html
PSE_Sys/elements_de_demarrage/initramfs.html
PSE_Sys/elements_de_demarrage/luks.html
PSE_Sys/elements_de_demarrage/lvm.html
PSE_Sys/elements_de_demarrage/mbr.html
PSE_Sys/elements_de_demarrage/noyau.html
PSE_Sys/elements_de_demarrage/partitionnement-de-la-memoire.html
PSE_Sys/elements_de_demarrage/raid.html
PSE_Sys/elements_de_demarrage/shell.html
PSE_Sys/elements_de_demarrage/systemd.html
PSE_Sys/elements_de_demarrage/talon-de-demarrage-uefi-et-image-noyau-unifiee.html
PSE_Sys/elements_de_demarrage/uefi.html
PSE_Sys/elements_de_securite/auditd.html
PSE_Sys/elements_de_securite/bpf-et-ebpf.html
PSE_Sys/elements_de_securite/controle-dacces-discretionnaire-et-droits.html
PSE_Sys/elements_de_securite/ids.html
PSE_Sys/elements_de_securite/index.html
PSE_Sys/elements_de_securite/listes-de-controle-dacces-ACL.html
PSE_Sys/elements_de_securite/netfilter.html
PSE_Sys/elements_de_securite/openssh.html
PSE_Sys/elements_de_securite/pam.html
PSE_Sys/elements_de_securite/seLinux.html
PSE_Sys/elements_de_securite/secure-shell.html
PSE_Sys/elements_de_securite/sudo.html
PSE_Sys/gestion_de_la_memoire_centrale/fichier-mappe-en-memoire.html
PSE_Sys/gestion_de_la_memoire_centrale/index.html
PSE_Sys/gestion_de_la_memoire_centrale/memoire-virtuelle.html
PSE_Sys/gestion_de_la_memoire_centrale/pagination.html
PSE_Sys/gestion_de_la_memoire_centrale/segmentation.html
PSE_Sys/gestion_des_peripheriques/acces-direct-a-la-memoire.html
PSE_Sys/gestion_des_peripheriques/bus.html
PSE_Sys/gestion_des_peripheriques/index.html
PSE_Sys/gestion_des_peripheriques/pilotes.html
PSE_Sys/gestion_des_peripheriques/sysfs.html
PSE_Sys/gestion_des_peripheriques/udev.html
PSE_Sys/processus_et_mecanismes_de_communication/algorithmes-dordonnancement.html
PSE_Sys/processus_et_mecanismes_de_communication/d-bus.html
PSE_Sys/processus_et_mecanismes_de_communication/index.html
PSE_Sys/processus_et_mecanismes_de_communication/multitache-cooperatif.html
PSE_Sys/processus_et_mecanismes_de_communication/multitache-preemptif.html
PSE_Sys/processus_et_mecanismes_de_communication/passage-de-messages.html
PSE_Sys/processus_et_mecanismes_de_communication/signaux.html
PSE_Sys/processus_et_mecanismes_de_communication/socket-ipc.html
PSE_Sys/processus_et_mecanismes_de_communication/socket-netlink.html
PSE_Sys/processus_et_mecanismes_de_communication/socket-reseau.html
PSE_Sys/processus_et_mecanismes_de_communication/synchronisation.html
PSE_Sys/processus_et_mecanismes_de_communication/tube-anonyme.html
PSE_Sys/processus_et_mecanismes_de_communication/tube-nomme.html
PSE_Sys/virtualisation_et_conteneurisation/chroot.html
PSE_Sys/virtualisation_et_conteneurisation/conteneurisation-docker.html
PSE_Sys/virtualisation_et_conteneurisation/conteneurisation-lxc.html
PSE_Sys/virtualisation_et_conteneurisation/hyperviseurs.html
PSE_Sys/virtualisation_et_conteneurisation/index.html
PSE_Sys/virtualisation_et_conteneurisation/libvirt.html
PSE_Sys/virtualisation_et_conteneurisation/orchestrateur-kubernetes.html
PSE_Sys/virtualisation_et_conteneurisation/systemd-nspawn.html
css/chrome.css
css/general.css
css/print.css
css/variables.css
fonts/OPEN-SANS-LICENSE.txt
fonts/SOURCE-CODE-PRO-LICENSE.txt
fonts/fonts.css
fonts/open-sans-v17-all-charsets-300.woff2
fonts/open-sans-v17-all-charsets-300italic.woff2
fonts/open-sans-v17-all-charsets-600.woff2
fonts/open-sans-v17-all-charsets-600italic.woff2
fonts/open-sans-v17-all-charsets-700.woff2
fonts/open-sans-v17-all-charsets-700italic.woff2
fonts/open-sans-v17-all-charsets-800.woff2
fonts/open-sans-v17-all-charsets-800italic.woff2
fonts/open-sans-v17-all-charsets-italic.woff2
fonts/open-sans-v17-all-charsets-regular.woff2
fonts/source-code-pro-v11-all-charsets-500.woff2
shell_introduction/dautres-commandes.html
shell_introduction/index.html
shell_introduction/les-chemins.html
shell_introduction/lister-le-contenu-dun-repertoire-et-droits.html
shell_introduction/quest-ce-que-le-shell.html
shell_introduction/redirection-dentreesortie-descripteurs-de-fichiers-et-tubes.html
shell_introduction/scripts-shell.html
shell_introduction/un-outil-versatile-et-puissant.html

sent 12.595.307 bytes  received 4.091 bytes  25.198.796,00 bytes/sec
total size is 12.576.346  speedup is 1,00
====> déploiement sur github
